  Determining projects to restore...
  All projects are up-to-date for restore.
  CapStoneAPI -> C:\Users\sudee\Downloads\gitclass\Chubb-Assignments\CapstoneProjectFolder\CapStoneAPI\bin\Debug\net8.0\CapStoneAPI.dll
C:\Users\sudee\Downloads\gitclass\Chubb-Assignments\CapstoneProjectFolder\CapStoneAPI\CapStoneAPI.Tests\TestHelpers\MockHelpers.cs(13,66): warning CS8625: Cannot convert null literal to non-nullable reference type. [C:\Users\sudee\Downloads\gitclass\Chubb-Assignments\CapstoneProjectFolder\CapStoneAPI\CapStoneAPI.Tests\CapStoneAPI.Tests.csproj]
C:\Users\sudee\Downloads\gitclass\Chubb-Assignments\CapstoneProjectFolder\CapStoneAPI\CapStoneAPI.Tests\TestHelpers\MockHelpers.cs(13,72): warning CS8625: Cannot convert null literal to non-nullable reference type. [C:\Users\sudee\Downloads\gitclass\Chubb-Assignments\CapstoneProjectFolder\CapStoneAPI\CapStoneAPI.Tests\CapStoneAPI.Tests.csproj]
C:\Users\sudee\Downloads\gitclass\Chubb-Assignments\CapstoneProjectFolder\CapStoneAPI\CapStoneAPI.Tests\TestHelpers\MockHelpers.cs(13,78): warning CS8625: Cannot convert null literal to non-nullable reference type. [C:\Users\sudee\Downloads\gitclass\Chubb-Assignments\CapstoneProjectFolder\CapStoneAPI\CapStoneAPI.Tests\CapStoneAPI.Tests.csproj]
C:\Users\sudee\Downloads\gitclass\Chubb-Assignments\CapstoneProjectFolder\CapStoneAPI\CapStoneAPI.Tests\TestHelpers\MockHelpers.cs(13,84): warning CS8625: Cannot convert null literal to non-nullable reference type. [C:\Users\sudee\Downloads\gitclass\Chubb-Assignments\CapstoneProjectFolder\CapStoneAPI\CapStoneAPI.Tests\CapStoneAPI.Tests.csproj]
C:\Users\sudee\Downloads\gitclass\Chubb-Assignments\CapstoneProjectFolder\CapStoneAPI\CapStoneAPI.Tests\TestHelpers\MockHelpers.cs(13,90): warning CS8625: Cannot convert null literal to non-nullable reference type. [C:\Users\sudee\Downloads\gitclass\Chubb-Assignments\CapstoneProjectFolder\CapStoneAPI\CapStoneAPI.Tests\CapStoneAPI.Tests.csproj]
C:\Users\sudee\Downloads\gitclass\Chubb-Assignments\CapstoneProjectFolder\CapStoneAPI\CapStoneAPI.Tests\TestHelpers\MockHelpers.cs(13,96): warning CS8625: Cannot convert null literal to non-nullable reference type. [C:\Users\sudee\Downloads\gitclass\Chubb-Assignments\CapstoneProjectFolder\CapStoneAPI\CapStoneAPI.Tests\CapStoneAPI.Tests.csproj]
C:\Users\sudee\Downloads\gitclass\Chubb-Assignments\CapstoneProjectFolder\CapStoneAPI\CapStoneAPI.Tests\TestHelpers\MockHelpers.cs(13,102): warning CS8625: Cannot convert null literal to non-nullable reference type. [C:\Users\sudee\Downloads\gitclass\Chubb-Assignments\CapstoneProjectFolder\CapStoneAPI\CapStoneAPI.Tests\CapStoneAPI.Tests.csproj]
C:\Users\sudee\Downloads\gitclass\Chubb-Assignments\CapstoneProjectFolder\CapStoneAPI\CapStoneAPI.Tests\TestHelpers\MockHelpers.cs(13,108): warning CS8625: Cannot convert null literal to non-nullable reference type. [C:\Users\sudee\Downloads\gitclass\Chubb-Assignments\CapstoneProjectFolder\CapStoneAPI\CapStoneAPI.Tests\CapStoneAPI.Tests.csproj]
C:\Users\sudee\Downloads\gitclass\Chubb-Assignments\CapstoneProjectFolder\CapStoneAPI\CapStoneAPI.Tests\TestHelpers\MockHelpers.cs(24,66): warning CS8625: Cannot convert null literal to non-nullable reference type. [C:\Users\sudee\Downloads\gitclass\Chubb-Assignments\CapstoneProjectFolder\CapStoneAPI\CapStoneAPI.Tests\CapStoneAPI.Tests.csproj]
C:\Users\sudee\Downloads\gitclass\Chubb-Assignments\CapstoneProjectFolder\CapStoneAPI\CapStoneAPI.Tests\TestHelpers\MockHelpers.cs(24,72): warning CS8625: Cannot convert null literal to non-nullable reference type. [C:\Users\sudee\Downloads\gitclass\Chubb-Assignments\CapstoneProjectFolder\CapStoneAPI\CapStoneAPI.Tests\CapStoneAPI.Tests.csproj]
C:\Users\sudee\Downloads\gitclass\Chubb-Assignments\CapstoneProjectFolder\CapStoneAPI\CapStoneAPI.Tests\TestHelpers\MockHelpers.cs(24,78): warning CS8625: Cannot convert null literal to non-nullable reference type. [C:\Users\sudee\Downloads\gitclass\Chubb-Assignments\CapstoneProjectFolder\CapStoneAPI\CapStoneAPI.Tests\CapStoneAPI.Tests.csproj]
C:\Users\sudee\Downloads\gitclass\Chubb-Assignments\CapstoneProjectFolder\CapStoneAPI\CapStoneAPI.Tests\TestHelpers\MockHelpers.cs(24,84): warning CS8625: Cannot convert null literal to non-nullable reference type. [C:\Users\sudee\Downloads\gitclass\Chubb-Assignments\CapstoneProjectFolder\CapStoneAPI\CapStoneAPI.Tests\CapStoneAPI.Tests.csproj]
C:\Users\sudee\Downloads\gitclass\Chubb-Assignments\CapstoneProjectFolder\CapStoneAPI\CapStoneAPI.Tests\Services\HospitalServiceTests.cs(62,27): error CS0246: The type or namespace name 'CreateHospitalDto' could not be found (are you missing a using directive or an assembly reference?) [C:\Users\sudee\Downloads\gitclass\Chubb-Assignments\CapstoneProjectFolder\CapStoneAPI\CapStoneAPI.Tests\CapStoneAPI.Tests.csproj]
C:\Users\sudee\Downloads\gitclass\Chubb-Assignments\CapstoneProjectFolder\CapStoneAPI\CapStoneAPI.Tests\Services\InsurancePlanServiceTests.cs(61,27): error CS0246: The type or namespace name 'CreateInsurancePlanDto' could not be found (are you missing a using directive or an assembly reference?) [C:\Users\sudee\Downloads\gitclass\Chubb-Assignments\CapstoneProjectFolder\CapStoneAPI\CapStoneAPI.Tests\CapStoneAPI.Tests.csproj]
C:\Users\sudee\Downloads\gitclass\Chubb-Assignments\CapstoneProjectFolder\CapStoneAPI\CapStoneAPI.Tests\Services\HospitalServiceTests.cs(80,27): error CS0246: The type or namespace name 'CreateHospitalDto' could not be found (are you missing a using directive or an assembly reference?) [C:\Users\sudee\Downloads\gitclass\Chubb-Assignments\CapstoneProjectFolder\CapStoneAPI\CapStoneAPI.Tests\CapStoneAPI.Tests.csproj]
C:\Users\sudee\Downloads\gitclass\Chubb-Assignments\CapstoneProjectFolder\CapStoneAPI\CapStoneAPI.Tests\Services\InsurancePlanServiceTests.cs(86,27): error CS0246: The type or namespace name 'CreateInsurancePlanDto' could not be found (are you missing a using directive or an assembly reference?) [C:\Users\sudee\Downloads\gitclass\Chubb-Assignments\CapstoneProjectFolder\CapStoneAPI\CapStoneAPI.Tests\CapStoneAPI.Tests.csproj]

Build FAILED.

C:\Users\sudee\Downloads\gitclass\Chubb-Assignments\CapstoneProjectFolder\CapStoneAPI\CapStoneAPI.Tests\TestHelpers\MockHelpers.cs(13,66): warning CS8625: Cannot convert null literal to non-nullable reference type. [C:\Users\sudee\Downloads\gitclass\Chubb-Assignments\CapstoneProjectFolder\CapStoneAPI\CapStoneAPI.Tests\CapStoneAPI.Tests.csproj]
C:\Users\sudee\Downloads\gitclass\Chubb-Assignments\CapstoneProjectFolder\CapStoneAPI\CapStoneAPI.Tests\TestHelpers\MockHelpers.cs(13,72): warning CS8625: Cannot convert null literal to non-nullable reference type. [C:\Users\sudee\Downloads\gitclass\Chubb-Assignments\CapstoneProjectFolder\CapStoneAPI\CapStoneAPI.Tests\CapStoneAPI.Tests.csproj]
C:\Users\sudee\Downloads\gitclass\Chubb-Assignments\CapstoneProjectFolder\CapStoneAPI\CapStoneAPI.Tests\TestHelpers\MockHelpers.cs(13,78): warning CS8625: Cannot convert null literal to non-nullable reference type. [C:\Users\sudee\Downloads\gitclass\Chubb-Assignments\CapstoneProjectFolder\CapStoneAPI\CapStoneAPI.Tests\CapStoneAPI.Tests.csproj]
C:\Users\sudee\Downloads\gitclass\Chubb-Assignments\CapstoneProjectFolder\CapStoneAPI\CapStoneAPI.Tests\TestHelpers\MockHelpers.cs(13,84): warning CS8625: Cannot convert null literal to non-nullable reference type. [C:\Users\sudee\Downloads\gitclass\Chubb-Assignments\CapstoneProjectFolder\CapStoneAPI\CapStoneAPI.Tests\CapStoneAPI.Tests.csproj]
C:\Users\sudee\Downloads\gitclass\Chubb-Assignments\CapstoneProjectFolder\CapStoneAPI\CapStoneAPI.Tests\TestHelpers\MockHelpers.cs(13,90): warning CS8625: Cannot convert null literal to non-nullable reference type. [C:\Users\sudee\Downloads\gitclass\Chubb-Assignments\CapstoneProjectFolder\CapStoneAPI\CapStoneAPI.Tests\CapStoneAPI.Tests.csproj]
C:\Users\sudee\Downloads\gitclass\Chubb-Assignments\CapstoneProjectFolder\CapStoneAPI\CapStoneAPI.Tests\TestHelpers\MockHelpers.cs(13,96): warning CS8625: Cannot convert null literal to non-nullable reference type. [C:\Users\sudee\Downloads\gitclass\Chubb-Assignments\CapstoneProjectFolder\CapStoneAPI\CapStoneAPI.Tests\CapStoneAPI.Tests.csproj]
C:\Users\sudee\Downloads\gitclass\Chubb-Assignments\CapstoneProjectFolder\CapStoneAPI\CapStoneAPI.Tests\TestHelpers\MockHelpers.cs(13,102): warning CS8625: Cannot convert null literal to non-nullable reference type. [C:\Users\sudee\Downloads\gitclass\Chubb-Assignments\CapstoneProjectFolder\CapStoneAPI\CapStoneAPI.Tests\CapStoneAPI.Tests.csproj]
C:\Users\sudee\Downloads\gitclass\Chubb-Assignments\CapstoneProjectFolder\CapStoneAPI\CapStoneAPI.Tests\TestHelpers\MockHelpers.cs(13,108): warning CS8625: Cannot convert null literal to non-nullable reference type. [C:\Users\sudee\Downloads\gitclass\Chubb-Assignments\CapstoneProjectFolder\CapStoneAPI\CapStoneAPI.Tests\CapStoneAPI.Tests.csproj]
C:\Users\sudee\Downloads\gitclass\Chubb-Assignments\CapstoneProjectFolder\CapStoneAPI\CapStoneAPI.Tests\TestHelpers\MockHelpers.cs(24,66): warning CS8625: Cannot convert null literal to non-nullable reference type. [C:\Users\sudee\Downloads\gitclass\Chubb-Assignments\CapstoneProjectFolder\CapStoneAPI\CapStoneAPI.Tests\CapStoneAPI.Tests.csproj]
C:\Users\sudee\Downloads\gitclass\Chubb-Assignments\CapstoneProjectFolder\CapStoneAPI\CapStoneAPI.Tests\TestHelpers\MockHelpers.cs(24,72): warning CS8625: Cannot convert null literal to non-nullable reference type. [C:\Users\sudee\Downloads\gitclass\Chubb-Assignments\CapstoneProjectFolder\CapStoneAPI\CapStoneAPI.Tests\CapStoneAPI.Tests.csproj]
C:\Users\sudee\Downloads\gitclass\Chubb-Assignments\CapstoneProjectFolder\CapStoneAPI\CapStoneAPI.Tests\TestHelpers\MockHelpers.cs(24,78): warning CS8625: Cannot convert null literal to non-nullable reference type. [C:\Users\sudee\Downloads\gitclass\Chubb-Assignments\CapstoneProjectFolder\CapStoneAPI\CapStoneAPI.Tests\CapStoneAPI.Tests.csproj]
C:\Users\sudee\Downloads\gitclass\Chubb-Assignments\CapstoneProjectFolder\CapStoneAPI\CapStoneAPI.Tests\TestHelpers\MockHelpers.cs(24,84): warning CS8625: Cannot convert null literal to non-nullable reference type. [C:\Users\sudee\Downloads\gitclass\Chubb-Assignments\CapstoneProjectFolder\CapStoneAPI\CapStoneAPI.Tests\CapStoneAPI.Tests.csproj]
C:\Users\sudee\Downloads\gitclass\Chubb-Assignments\CapstoneProjectFolder\CapStoneAPI\CapStoneAPI.Tests\Services\HospitalServiceTests.cs(62,27): error CS0246: The type or namespace name 'CreateHospitalDto' could not be found (are you missing a using directive or an assembly reference?) [C:\Users\sudee\Downloads\gitclass\Chubb-Assignments\CapstoneProjectFolder\CapStoneAPI\CapStoneAPI.Tests\CapStoneAPI.Tests.csproj]
C:\Users\sudee\Downloads\gitclass\Chubb-Assignments\CapstoneProjectFolder\CapStoneAPI\CapStoneAPI.Tests\Services\InsurancePlanServiceTests.cs(61,27): error CS0246: The type or namespace name 'CreateInsurancePlanDto' could not be found (are you missing a using directive or an assembly reference?) [C:\Users\sudee\Downloads\gitclass\Chubb-Assignments\CapstoneProjectFolder\CapStoneAPI\CapStoneAPI.Tests\CapStoneAPI.Tests.csproj]
C:\Users\sudee\Downloads\gitclass\Chubb-Assignments\CapstoneProjectFolder\CapStoneAPI\CapStoneAPI.Tests\Services\HospitalServiceTests.cs(80,27): error CS0246: The type or namespace name 'CreateHospitalDto' could not be found (are you missing a using directive or an assembly reference?) [C:\Users\sudee\Downloads\gitclass\Chubb-Assignments\CapstoneProjectFolder\CapStoneAPI\CapStoneAPI.Tests\CapStoneAPI.Tests.csproj]
C:\Users\sudee\Downloads\gitclass\Chubb-Assignments\CapstoneProjectFolder\CapStoneAPI\CapStoneAPI.Tests\Services\InsurancePlanServiceTests.cs(86,27): error CS0246: The type or namespace name 'CreateInsurancePlanDto' could not be found (are you missing a using directive or an assembly reference?) [C:\Users\sudee\Downloads\gitclass\Chubb-Assignments\CapstoneProjectFolder\CapStoneAPI\CapStoneAPI.Tests\CapStoneAPI.Tests.csproj]
    12 Warning(s)
    4 Error(s)

Time Elapsed 00:00:11.77
